2021-03-13 11:29:57.427  INFO 160192 --- [main] com.course.MyApplication                 : Starting MyApplication on DESKTOP-F865ED8 with PID 160192 (D:\testKits\git_repository\muke\AutoTest\Chapter11_mybatis\target\classes started by shlu in D:\testKits\git_repository\muke\AutoTest)
2021-03-13 11:29:57.429  INFO 160192 --- [main] com.course.MyApplication                 : No active profile set, falling back to default profiles: default
2021-03-13 11:29:57.864  WARN 160192 --- [main] o.m.s.mapper.ClassPathMapperScanner      : No MyBatis mapper was found in '[com.course]' package. Please check your configuration.
2021-03-13 11:29:58.131  INFO 160192 --- [main] o.s.b.w.embedded.tomcat.TomcatWebServer  : Tomcat initialized with port(s): 8098 (http)
2021-03-13 11:29:58.139  INFO 160192 --- [main] o.apache.catalina.core.StandardService   : Starting service [Tomcat]
2021-03-13 11:29:58.139  INFO 160192 --- [main] org.apache.catalina.core.StandardEngine  : Starting Servlet engine: [Apache Tomcat/9.0.41]
2021-03-13 11:29:58.196  INFO 160192 --- [main] o.a.c.c.C.[Tomcat].[localhost].[/]       : Initializing Spring embedded WebApplicationContext
2021-03-13 11:29:58.196  INFO 160192 --- [main] w.s.c.ServletWebServerApplicationContext : Root WebApplicationContext: initialization completed in 724 ms
2021-03-13 11:29:58.387  INFO 160192 --- [main] o.s.s.concurrent.ThreadPoolTaskExecutor  : Initializing ExecutorService 'applicationTaskExecutor'
2021-03-13 11:29:58.512  INFO 160192 --- [main] o.s.b.w.embedded.tomcat.TomcatWebServer  : Tomcat started on port(s): 8098 (http) with context path ''
2021-03-13 11:29:58.519  INFO 160192 --- [main] com.course.MyApplication                 : Started MyApplication in 1.431 seconds (JVM running for 2.283)
2021-03-13 11:30:15.966  INFO 160336 --- [main] com.course.MyApplication                 : Starting MyApplication on DESKTOP-F865ED8 with PID 160336 (D:\testKits\git_repository\muke\AutoTest\Chapter11_mybatis\target\classes started by shlu in D:\testKits\git_repository\muke\AutoTest)
2021-03-13 11:30:15.969  INFO 160336 --- [main] com.course.MyApplication                 : No active profile set, falling back to default profiles: default
2021-03-13 11:30:16.422  WARN 160336 --- [main] o.m.s.mapper.ClassPathMapperScanner      : No MyBatis mapper was found in '[com.course]' package. Please check your configuration.
2021-03-13 11:30:16.693  INFO 160336 --- [main] o.s.b.w.embedded.tomcat.TomcatWebServer  : Tomcat initialized with port(s): 8098 (http)
2021-03-13 11:30:16.700  INFO 160336 --- [main] o.apache.catalina.core.StandardService   : Starting service [Tomcat]
2021-03-13 11:30:16.700  INFO 160336 --- [main] org.apache.catalina.core.StandardEngine  : Starting Servlet engine: [Apache Tomcat/9.0.41]
2021-03-13 11:30:16.756  INFO 160336 --- [main] o.a.c.c.C.[Tomcat].[localhost].[/]       : Initializing Spring embedded WebApplicationContext
2021-03-13 11:30:16.756  INFO 160336 --- [main] w.s.c.ServletWebServerApplicationContext : Root WebApplicationContext: initialization completed in 739 ms
2021-03-13 11:30:16.934  INFO 160336 --- [main] o.s.s.concurrent.ThreadPoolTaskExecutor  : Initializing ExecutorService 'applicationTaskExecutor'
2021-03-13 11:30:17.059  INFO 160336 --- [main] o.s.b.w.embedded.tomcat.TomcatWebServer  : Tomcat started on port(s): 8098 (http) with context path ''
2021-03-13 11:30:17.066  INFO 160336 --- [main] com.course.MyApplication                 : Started MyApplication in 1.446 seconds (JVM running for 2.338)
2021-03-13 11:30:49.798  INFO 160336 --- [http-nio-8098-exec-1] o.a.c.c.C.[Tomcat].[localhost].[/]       : Initializing Spring DispatcherServlet 'dispatcherServlet'
2021-03-13 11:30:49.798  INFO 160336 --- [http-nio-8098-exec-1] o.s.web.servlet.DispatcherServlet        : Initializing Servlet 'dispatcherServlet'
2021-03-13 11:30:49.809  INFO 160336 --- [http-nio-8098-exec-1] o.s.web.servlet.DispatcherServlet        : Completed initialization in 11 ms
2021-03-13 11:30:49.840 ERROR 160336 --- [http-nio-8098-exec-1] o.a.c.c.C.[.[.[/].[dispatcherServlet]    : Servlet.service() for servlet [dispatcherServlet] in context with path [] threw exception [Request processing failed; nested exception is org.mybatis.spring.MyBatisSystemException: nested exception is org.apache.ibatis.exceptions.PersistenceException: 
### Error querying database.  Cause: java.lang.IllegalArgumentException: Mapped Statements collection does not contain value for userMapper.getUserCount
### Cause: java.lang.IllegalArgumentException: Mapped Statements collection does not contain value for userMapper.getUserCount] with root cause

java.lang.IllegalArgumentException: Mapped Statements collection does not contain value for userMapper.getUserCount
	at org.apache.ibatis.session.Configuration$StrictMap.get(Configuration.java:888) ~[mybatis-3.4.6.jar:3.4.6]
	at org.apache.ibatis.session.Configuration.getMappedStatement(Configuration.java:721) ~[mybatis-3.4.6.jar:3.4.6]
	at org.apache.ibatis.session.Configuration.getMappedStatement(Configuration.java:714) ~[mybatis-3.4.6.jar:3.4.6]
	at org.apache.ibatis.session.defaults.DefaultSqlSession.selectList(DefaultSqlSession.java:147) ~[mybatis-3.4.6.jar:3.4.6]
	at org.apache.ibatis.session.defaults.DefaultSqlSession.selectList(DefaultSqlSession.java:141) ~[mybatis-3.4.6.jar:3.4.6]
	at org.apache.ibatis.session.defaults.DefaultSqlSession.selectOne(DefaultSqlSession.java:77) ~[mybatis-3.4.6.jar:3.4.6]
	at org.apache.ibatis.session.defaults.DefaultSqlSession.selectOne(DefaultSqlSession.java:71) ~[mybatis-3.4.6.jar:3.4.6]
	at sun.reflect.NativeMethodAccessorImpl.invoke0(Native Method) ~[na:1.8.0_152]
	at sun.reflect.NativeMethodAccessorImpl.invoke(NativeMethodAccessorImpl.java:62) ~[na:1.8.0_152]
	at sun.reflect.DelegatingMethodAccessorImpl.invoke(DelegatingMethodAccessorImpl.java:43) ~[na:1.8.0_152]
	at java.lang.reflect.Method.invoke(Method.java:498) ~[na:1.8.0_152]
	at org.mybatis.spring.SqlSessionTemplate$SqlSessionInterceptor.invoke(SqlSessionTemplate.java:433) ~[mybatis-spring-1.3.3.jar:1.3.3]
	at com.sun.proxy.$Proxy52.selectOne(Unknown Source) ~[na:na]
	at org.mybatis.spring.SqlSessionTemplate.selectOne(SqlSessionTemplate.java:158) ~[mybatis-spring-1.3.3.jar:1.3.3]
	at com.course.controller.UserController.userCount(UserController.java:25) ~[classes/:na]
	at sun.reflect.NativeMethodAccessorImpl.invoke0(Native Method) ~[na:1.8.0_152]
	at sun.reflect.NativeMethodAccessorImpl.invoke(NativeMethodAccessorImpl.java:62) ~[na:1.8.0_152]
	at sun.reflect.DelegatingMethodAccessorImpl.invoke(DelegatingMethodAccessorImpl.java:43) ~[na:1.8.0_152]
	at java.lang.reflect.Method.invoke(Method.java:498) ~[na:1.8.0_152]
	at org.springframework.web.method.support.InvocableHandlerMethod.doInvoke(InvocableHandlerMethod.java:190) ~[spring-web-5.2.12.RELEASE.jar:5.2.12.RELEASE]
	at org.springframework.web.method.support.InvocableHandlerMethod.invokeForRequest(InvocableHandlerMethod.java:138) ~[spring-web-5.2.12.RELEASE.jar:5.2.12.RELEASE]
	at org.springframework.web.servlet.mvc.method.annotation.ServletInvocableHandlerMethod.invokeAndHandle(ServletInvocableHandlerMethod.java:105) ~[spring-webmvc-5.2.12.RELEASE.jar:5.2.12.RELEASE]
	at org.springframework.web.servlet.mvc.method.annotation.RequestMappingHandlerAdapter.invokeHandlerMethod(RequestMappingHandlerAdapter.java:878) ~[spring-webmvc-5.2.12.RELEASE.jar:5.2.12.RELEASE]
	at org.springframework.web.servlet.mvc.method.annotation.RequestMappingHandlerAdapter.handleInternal(RequestMappingHandlerAdapter.java:792) ~[spring-webmvc-5.2.12.RELEASE.jar:5.2.12.RELEASE]
	at org.springframework.web.servlet.mvc.method.AbstractHandlerMethodAdapter.handle(AbstractHandlerMethodAdapter.java:87) ~[spring-webmvc-5.2.12.RELEASE.jar:5.2.12.RELEASE]
	at org.springframework.web.servlet.DispatcherServlet.doDispatch(DispatcherServlet.java:1040) ~[spring-webmvc-5.2.12.RELEASE.jar:5.2.12.RELEASE]
	at org.springframework.web.servlet.DispatcherServlet.doService(DispatcherServlet.java:943) ~[spring-webmvc-5.2.12.RELEASE.jar:5.2.12.RELEASE]
	at org.springframework.web.servlet.FrameworkServlet.processRequest(FrameworkServlet.java:1006) ~[spring-webmvc-5.2.12.RELEASE.jar:5.2.12.RELEASE]
	at org.springframework.web.servlet.FrameworkServlet.doGet(FrameworkServlet.java:898) ~[spring-webmvc-5.2.12.RELEASE.jar:5.2.12.RELEASE]
	at javax.servlet.http.HttpServlet.service(HttpServlet.java:626) ~[tomcat-embed-core-9.0.41.jar:4.0.FR]
	at org.springframework.web.servlet.FrameworkServlet.service(FrameworkServlet.java:883) ~[spring-webmvc-5.2.12.RELEASE.jar:5.2.12.RELEASE]
	at javax.servlet.http.HttpServlet.service(HttpServlet.java:733) ~[tomcat-embed-core-9.0.41.jar:4.0.FR]
	at org.apache.catalina.core.ApplicationFilterChain.internalDoFilter(ApplicationFilterChain.java:231) ~[tomcat-embed-core-9.0.41.jar:9.0.41]
	at org.apache.catalina.core.ApplicationFilterChain.doFilter(ApplicationFilterChain.java:166) ~[tomcat-embed-core-9.0.41.jar:9.0.41]
	at org.apache.tomcat.websocket.server.WsFilter.doFilter(WsFilter.java:53) ~[tomcat-embed-websocket-9.0.41.jar:9.0.41]
	at org.apache.catalina.core.ApplicationFilterChain.internalDoFilter(ApplicationFilterChain.java:193) ~[tomcat-embed-core-9.0.41.jar:9.0.41]
	at org.apache.catalina.core.ApplicationFilterChain.doFilter(ApplicationFilterChain.java:166) ~[tomcat-embed-core-9.0.41.jar:9.0.41]
	at org.springframework.web.filter.RequestContextFilter.doFilterInternal(RequestContextFilter.java:100) ~[spring-web-5.2.12.RELEASE.jar:5.2.12.RELEASE]
	at org.springframework.web.filter.OncePerRequestFilter.doFilter(OncePerRequestFilter.java:119) ~[spring-web-5.2.12.RELEASE.jar:5.2.12.RELEASE]
	at org.apache.catalina.core.ApplicationFilterChain.internalDoFilter(ApplicationFilterChain.java:193) ~[tomcat-embed-core-9.0.41.jar:9.0.41]
	at org.apache.catalina.core.ApplicationFilterChain.doFilter(ApplicationFilterChain.java:166) ~[tomcat-embed-core-9.0.41.jar:9.0.41]
	at org.springframework.web.filter.FormContentFilter.doFilterInternal(FormContentFilter.java:93) ~[spring-web-5.2.12.RELEASE.jar:5.2.12.RELEASE]
	at org.springframework.web.filter.OncePerRequestFilter.doFilter(OncePerRequestFilter.java:119) ~[spring-web-5.2.12.RELEASE.jar:5.2.12.RELEASE]
	at org.apache.catalina.core.ApplicationFilterChain.internalDoFilter(ApplicationFilterChain.java:193) ~[tomcat-embed-core-9.0.41.jar:9.0.41]
	at org.apache.catalina.core.ApplicationFilterChain.doFilter(ApplicationFilterChain.java:166) ~[tomcat-embed-core-9.0.41.jar:9.0.41]
	at org.springframework.web.filter.CharacterEncodingFilter.doFilterInternal(CharacterEncodingFilter.java:201) ~[spring-web-5.2.12.RELEASE.jar:5.2.12.RELEASE]
	at org.springframework.web.filter.OncePerRequestFilter.doFilter(OncePerRequestFilter.java:119) ~[spring-web-5.2.12.RELEASE.jar:5.2.12.RELEASE]
	at org.apache.catalina.core.ApplicationFilterChain.internalDoFilter(ApplicationFilterChain.java:193) ~[tomcat-embed-core-9.0.41.jar:9.0.41]
	at org.apache.catalina.core.ApplicationFilterChain.doFilter(ApplicationFilterChain.java:166) ~[tomcat-embed-core-9.0.41.jar:9.0.41]
	at org.apache.catalina.core.StandardWrapperValve.invoke(StandardWrapperValve.java:202) ~[tomcat-embed-core-9.0.41.jar:9.0.41]
	at org.apache.catalina.core.StandardContextValve.invoke(StandardContextValve.java:97) [tomcat-embed-core-9.0.41.jar:9.0.41]
	at org.apache.catalina.authenticator.AuthenticatorBase.invoke(AuthenticatorBase.java:542) [tomcat-embed-core-9.0.41.jar:9.0.41]
	at org.apache.catalina.core.StandardHostValve.invoke(StandardHostValve.java:143) [tomcat-embed-core-9.0.41.jar:9.0.41]
	at org.apache.catalina.valves.ErrorReportValve.invoke(ErrorReportValve.java:92) [tomcat-embed-core-9.0.41.jar:9.0.41]
	at org.apache.catalina.core.StandardEngineValve.invoke(StandardEngineValve.java:78) [tomcat-embed-core-9.0.41.jar:9.0.41]
	at org.apache.catalina.connector.CoyoteAdapter.service(CoyoteAdapter.java:343) [tomcat-embed-core-9.0.41.jar:9.0.41]
	at org.apache.coyote.http11.Http11Processor.service(Http11Processor.java:374) [tomcat-embed-core-9.0.41.jar:9.0.41]
	at org.apache.coyote.AbstractProcessorLight.process(AbstractProcessorLight.java:65) [tomcat-embed-core-9.0.41.jar:9.0.41]
	at org.apache.coyote.AbstractProtocol$ConnectionHandler.process(AbstractProtocol.java:888) [tomcat-embed-core-9.0.41.jar:9.0.41]
	at org.apache.tomcat.util.net.NioEndpoint$SocketProcessor.doRun(NioEndpoint.java:1597) [tomcat-embed-core-9.0.41.jar:9.0.41]
	at org.apache.tomcat.util.net.SocketProcessorBase.run(SocketProcessorBase.java:49) [tomcat-embed-core-9.0.41.jar:9.0.41]
	at java.util.concurrent.ThreadPoolExecutor.runWorker(ThreadPoolExecutor.java:1149) [na:1.8.0_152]
	at java.util.concurrent.ThreadPoolExecutor$Worker.run(ThreadPoolExecutor.java:624) [na:1.8.0_152]
	at org.apache.tomcat.util.threads.TaskThread$WrappingRunnable.run(TaskThread.java:61) [tomcat-embed-core-9.0.41.jar:9.0.41]
	at java.lang.Thread.run(Thread.java:748) [na:1.8.0_152]

2021-03-13 11:31:20.284  INFO 159984 --- [main] com.course.MyApplication                 : Starting MyApplication on DESKTOP-F865ED8 with PID 159984 (D:\testKits\git_repository\muke\AutoTest\Chapter11_mybatis\target\classes started by shlu in D:\testKits\git_repository\muke\AutoTest)
2021-03-13 11:31:20.288  INFO 159984 --- [main] com.course.MyApplication                 : No active profile set, falling back to default profiles: default
2021-03-13 11:31:20.735  WARN 159984 --- [main] o.m.s.mapper.ClassPathMapperScanner      : No MyBatis mapper was found in '[com.course]' package. Please check your configuration.
2021-03-13 11:31:21.006  INFO 159984 --- [main] o.s.b.w.embedded.tomcat.TomcatWebServer  : Tomcat initialized with port(s): 8098 (http)
2021-03-13 11:31:21.012  INFO 159984 --- [main] o.apache.catalina.core.StandardService   : Starting service [Tomcat]
2021-03-13 11:31:21.012  INFO 159984 --- [main] org.apache.catalina.core.StandardEngine  : Starting Servlet engine: [Apache Tomcat/9.0.41]
2021-03-13 11:31:21.079  INFO 159984 --- [main] o.a.c.c.C.[Tomcat].[localhost].[/]       : Initializing Spring embedded WebApplicationContext
2021-03-13 11:31:21.079  INFO 159984 --- [main] w.s.c.ServletWebServerApplicationContext : Root WebApplicationContext: initialization completed in 756 ms
2021-03-13 11:31:21.272  INFO 159984 --- [main] o.s.s.concurrent.ThreadPoolTaskExecutor  : Initializing ExecutorService 'applicationTaskExecutor'
2021-03-13 11:31:21.395  INFO 159984 --- [main] o.s.b.w.embedded.tomcat.TomcatWebServer  : Tomcat started on port(s): 8098 (http) with context path ''
2021-03-13 11:31:21.401  INFO 159984 --- [main] com.course.MyApplication                 : Started MyApplication in 1.43 seconds (JVM running for 2.249)
2021-03-13 11:31:29.202  INFO 159984 --- [http-nio-8098-exec-1] o.a.c.c.C.[Tomcat].[localhost].[/]       : Initializing Spring DispatcherServlet 'dispatcherServlet'
2021-03-13 11:31:29.202  INFO 159984 --- [http-nio-8098-exec-1] o.s.web.servlet.DispatcherServlet        : Initializing Servlet 'dispatcherServlet'
2021-03-13 11:31:29.210  INFO 159984 --- [http-nio-8098-exec-1] o.s.web.servlet.DispatcherServlet        : Completed initialization in 8 ms
2021-03-13 11:31:29.235 ERROR 159984 --- [http-nio-8098-exec-1] o.a.c.c.C.[.[.[/].[dispatcherServlet]    : Servlet.service() for servlet [dispatcherServlet] in context with path [] threw exception [Request processing failed; nested exception is org.mybatis.spring.MyBatisSystemException: nested exception is org.apache.ibatis.exceptions.PersistenceException: 
### Error querying database.  Cause: java.lang.IllegalArgumentException: Mapped Statements collection does not contain value for getUserCount
### Cause: java.lang.IllegalArgumentException: Mapped Statements collection does not contain value for getUserCount] with root cause

java.lang.IllegalArgumentException: Mapped Statements collection does not contain value for getUserCount
	at org.apache.ibatis.session.Configuration$StrictMap.get(Configuration.java:888) ~[mybatis-3.4.6.jar:3.4.6]
	at org.apache.ibatis.session.Configuration.getMappedStatement(Configuration.java:721) ~[mybatis-3.4.6.jar:3.4.6]
	at org.apache.ibatis.session.Configuration.getMappedStatement(Configuration.java:714) ~[mybatis-3.4.6.jar:3.4.6]
	at org.apache.ibatis.session.defaults.DefaultSqlSession.selectList(DefaultSqlSession.java:147) ~[mybatis-3.4.6.jar:3.4.6]
	at org.apache.ibatis.session.defaults.DefaultSqlSession.selectList(DefaultSqlSession.java:141) ~[mybatis-3.4.6.jar:3.4.6]
	at org.apache.ibatis.session.defaults.DefaultSqlSession.selectOne(DefaultSqlSession.java:77) ~[mybatis-3.4.6.jar:3.4.6]
	at org.apache.ibatis.session.defaults.DefaultSqlSession.selectOne(DefaultSqlSession.java:71) ~[mybatis-3.4.6.jar:3.4.6]
	at sun.reflect.NativeMethodAccessorImpl.invoke0(Native Method) ~[na:1.8.0_152]
	at sun.reflect.NativeMethodAccessorImpl.invoke(NativeMethodAccessorImpl.java:62) ~[na:1.8.0_152]
	at sun.reflect.DelegatingMethodAccessorImpl.invoke(DelegatingMethodAccessorImpl.java:43) ~[na:1.8.0_152]
	at java.lang.reflect.Method.invoke(Method.java:498) ~[na:1.8.0_152]
	at org.mybatis.spring.SqlSessionTemplate$SqlSessionInterceptor.invoke(SqlSessionTemplate.java:433) ~[mybatis-spring-1.3.3.jar:1.3.3]
	at com.sun.proxy.$Proxy52.selectOne(Unknown Source) ~[na:na]
	at org.mybatis.spring.SqlSessionTemplate.selectOne(SqlSessionTemplate.java:158) ~[mybatis-spring-1.3.3.jar:1.3.3]
	at com.course.controller.UserController.userCount(UserController.java:25) ~[classes/:na]
	at sun.reflect.NativeMethodAccessorImpl.invoke0(Native Method) ~[na:1.8.0_152]
	at sun.reflect.NativeMethodAccessorImpl.invoke(NativeMethodAccessorImpl.java:62) ~[na:1.8.0_152]
	at sun.reflect.DelegatingMethodAccessorImpl.invoke(DelegatingMethodAccessorImpl.java:43) ~[na:1.8.0_152]
	at java.lang.reflect.Method.invoke(Method.java:498) ~[na:1.8.0_152]
	at org.springframework.web.method.support.InvocableHandlerMethod.doInvoke(InvocableHandlerMethod.java:190) ~[spring-web-5.2.12.RELEASE.jar:5.2.12.RELEASE]
	at org.springframework.web.method.support.InvocableHandlerMethod.invokeForRequest(InvocableHandlerMethod.java:138) ~[spring-web-5.2.12.RELEASE.jar:5.2.12.RELEASE]
	at org.springframework.web.servlet.mvc.method.annotation.ServletInvocableHandlerMethod.invokeAndHandle(ServletInvocableHandlerMethod.java:105) ~[spring-webmvc-5.2.12.RELEASE.jar:5.2.12.RELEASE]
	at org.springframework.web.servlet.mvc.method.annotation.RequestMappingHandlerAdapter.invokeHandlerMethod(RequestMappingHandlerAdapter.java:878) ~[spring-webmvc-5.2.12.RELEASE.jar:5.2.12.RELEASE]
	at org.springframework.web.servlet.mvc.method.annotation.RequestMappingHandlerAdapter.handleInternal(RequestMappingHandlerAdapter.java:792) ~[spring-webmvc-5.2.12.RELEASE.jar:5.2.12.RELEASE]
	at org.springframework.web.servlet.mvc.method.AbstractHandlerMethodAdapter.handle(AbstractHandlerMethodAdapter.java:87) ~[spring-webmvc-5.2.12.RELEASE.jar:5.2.12.RELEASE]
	at org.springframework.web.servlet.DispatcherServlet.doDispatch(DispatcherServlet.java:1040) ~[spring-webmvc-5.2.12.RELEASE.jar:5.2.12.RELEASE]
	at org.springframework.web.servlet.DispatcherServlet.doService(DispatcherServlet.java:943) ~[spring-webmvc-5.2.12.RELEASE.jar:5.2.12.RELEASE]
	at org.springframework.web.servlet.FrameworkServlet.processRequest(FrameworkServlet.java:1006) ~[spring-webmvc-5.2.12.RELEASE.jar:5.2.12.RELEASE]
	at org.springframework.web.servlet.FrameworkServlet.doGet(FrameworkServlet.java:898) ~[spring-webmvc-5.2.12.RELEASE.jar:5.2.12.RELEASE]
	at javax.servlet.http.HttpServlet.service(HttpServlet.java:626) ~[tomcat-embed-core-9.0.41.jar:4.0.FR]
	at org.springframework.web.servlet.FrameworkServlet.service(FrameworkServlet.java:883) ~[spring-webmvc-5.2.12.RELEASE.jar:5.2.12.RELEASE]
	at javax.servlet.http.HttpServlet.service(HttpServlet.java:733) ~[tomcat-embed-core-9.0.41.jar:4.0.FR]
	at org.apache.catalina.core.ApplicationFilterChain.internalDoFilter(ApplicationFilterChain.java:231) ~[tomcat-embed-core-9.0.41.jar:9.0.41]
	at org.apache.catalina.core.ApplicationFilterChain.doFilter(ApplicationFilterChain.java:166) ~[tomcat-embed-core-9.0.41.jar:9.0.41]
	at org.apache.tomcat.websocket.server.WsFilter.doFilter(WsFilter.java:53) ~[tomcat-embed-websocket-9.0.41.jar:9.0.41]
	at org.apache.catalina.core.ApplicationFilterChain.internalDoFilter(ApplicationFilterChain.java:193) ~[tomcat-embed-core-9.0.41.jar:9.0.41]
	at org.apache.catalina.core.ApplicationFilterChain.doFilter(ApplicationFilterChain.java:166) ~[tomcat-embed-core-9.0.41.jar:9.0.41]
	at org.springframework.web.filter.RequestContextFilter.doFilterInternal(RequestContextFilter.java:100) ~[spring-web-5.2.12.RELEASE.jar:5.2.12.RELEASE]
	at org.springframework.web.filter.OncePerRequestFilter.doFilter(OncePerRequestFilter.java:119) ~[spring-web-5.2.12.RELEASE.jar:5.2.12.RELEASE]
	at org.apache.catalina.core.ApplicationFilterChain.internalDoFilter(ApplicationFilterChain.java:193) ~[tomcat-embed-core-9.0.41.jar:9.0.41]
	at org.apache.catalina.core.ApplicationFilterChain.doFilter(ApplicationFilterChain.java:166) ~[tomcat-embed-core-9.0.41.jar:9.0.41]
	at org.springframework.web.filter.FormContentFilter.doFilterInternal(FormContentFilter.java:93) ~[spring-web-5.2.12.RELEASE.jar:5.2.12.RELEASE]
	at org.springframework.web.filter.OncePerRequestFilter.doFilter(OncePerRequestFilter.java:119) ~[spring-web-5.2.12.RELEASE.jar:5.2.12.RELEASE]
	at org.apache.catalina.core.ApplicationFilterChain.internalDoFilter(ApplicationFilterChain.java:193) ~[tomcat-embed-core-9.0.41.jar:9.0.41]
	at org.apache.catalina.core.ApplicationFilterChain.doFilter(ApplicationFilterChain.java:166) ~[tomcat-embed-core-9.0.41.jar:9.0.41]
	at org.springframework.web.filter.CharacterEncodingFilter.doFilterInternal(CharacterEncodingFilter.java:201) ~[spring-web-5.2.12.RELEASE.jar:5.2.12.RELEASE]
	at org.springframework.web.filter.OncePerRequestFilter.doFilter(OncePerRequestFilter.java:119) ~[spring-web-5.2.12.RELEASE.jar:5.2.12.RELEASE]
	at org.apache.catalina.core.ApplicationFilterChain.internalDoFilter(ApplicationFilterChain.java:193) ~[tomcat-embed-core-9.0.41.jar:9.0.41]
	at org.apache.catalina.core.ApplicationFilterChain.doFilter(ApplicationFilterChain.java:166) ~[tomcat-embed-core-9.0.41.jar:9.0.41]
	at org.apache.catalina.core.StandardWrapperValve.invoke(StandardWrapperValve.java:202) ~[tomcat-embed-core-9.0.41.jar:9.0.41]
	at org.apache.catalina.core.StandardContextValve.invoke(StandardContextValve.java:97) [tomcat-embed-core-9.0.41.jar:9.0.41]
	at org.apache.catalina.authenticator.AuthenticatorBase.invoke(AuthenticatorBase.java:542) [tomcat-embed-core-9.0.41.jar:9.0.41]
	at org.apache.catalina.core.StandardHostValve.invoke(StandardHostValve.java:143) [tomcat-embed-core-9.0.41.jar:9.0.41]
	at org.apache.catalina.valves.ErrorReportValve.invoke(ErrorReportValve.java:92) [tomcat-embed-core-9.0.41.jar:9.0.41]
	at org.apache.catalina.core.StandardEngineValve.invoke(StandardEngineValve.java:78) [tomcat-embed-core-9.0.41.jar:9.0.41]
	at org.apache.catalina.connector.CoyoteAdapter.service(CoyoteAdapter.java:343) [tomcat-embed-core-9.0.41.jar:9.0.41]
	at org.apache.coyote.http11.Http11Processor.service(Http11Processor.java:374) [tomcat-embed-core-9.0.41.jar:9.0.41]
	at org.apache.coyote.AbstractProcessorLight.process(AbstractProcessorLight.java:65) [tomcat-embed-core-9.0.41.jar:9.0.41]
	at org.apache.coyote.AbstractProtocol$ConnectionHandler.process(AbstractProtocol.java:888) [tomcat-embed-core-9.0.41.jar:9.0.41]
	at org.apache.tomcat.util.net.NioEndpoint$SocketProcessor.doRun(NioEndpoint.java:1597) [tomcat-embed-core-9.0.41.jar:9.0.41]
	at org.apache.tomcat.util.net.SocketProcessorBase.run(SocketProcessorBase.java:49) [tomcat-embed-core-9.0.41.jar:9.0.41]
	at java.util.concurrent.ThreadPoolExecutor.runWorker(ThreadPoolExecutor.java:1149) [na:1.8.0_152]
	at java.util.concurrent.ThreadPoolExecutor$Worker.run(ThreadPoolExecutor.java:624) [na:1.8.0_152]
	at org.apache.tomcat.util.threads.TaskThread$WrappingRunnable.run(TaskThread.java:61) [tomcat-embed-core-9.0.41.jar:9.0.41]
	at java.lang.Thread.run(Thread.java:748) [na:1.8.0_152]

2021-03-13 11:32:33.628  INFO 161284 --- [main] com.course.MyApplication                 : Starting MyApplication on DESKTOP-F865ED8 with PID 161284 (D:\testKits\git_repository\muke\AutoTest\Chapter11_mybatis\target\classes started by shlu in D:\testKits\git_repository\muke\AutoTest)
2021-03-13 11:32:33.631  INFO 161284 --- [main] com.course.MyApplication                 : No active profile set, falling back to default profiles: default
2021-03-13 11:32:34.079  WARN 161284 --- [main] o.m.s.mapper.ClassPathMapperScanner      : No MyBatis mapper was found in '[com.course]' package. Please check your configuration.
2021-03-13 11:32:34.359  INFO 161284 --- [main] o.s.b.w.embedded.tomcat.TomcatWebServer  : Tomcat initialized with port(s): 8098 (http)
2021-03-13 11:32:34.365  INFO 161284 --- [main] o.apache.catalina.core.StandardService   : Starting service [Tomcat]
2021-03-13 11:32:34.365  INFO 161284 --- [main] org.apache.catalina.core.StandardEngine  : Starting Servlet engine: [Apache Tomcat/9.0.41]
2021-03-13 11:32:34.422  INFO 161284 --- [main] o.a.c.c.C.[Tomcat].[localhost].[/]       : Initializing Spring embedded WebApplicationContext
2021-03-13 11:32:34.423  INFO 161284 --- [main] w.s.c.ServletWebServerApplicationContext : Root WebApplicationContext: initialization completed in 755 ms
2021-03-13 11:32:34.742  INFO 161284 --- [main] o.s.s.concurrent.ThreadPoolTaskExecutor  : Initializing ExecutorService 'applicationTaskExecutor'
2021-03-13 11:32:34.874  INFO 161284 --- [main] o.s.b.w.embedded.tomcat.TomcatWebServer  : Tomcat started on port(s): 8098 (http) with context path ''
2021-03-13 11:32:34.881  INFO 161284 --- [main] com.course.MyApplication                 : Started MyApplication in 1.598 seconds (JVM running for 2.447)
2021-03-13 11:32:38.540  INFO 161284 --- [http-nio-8098-exec-1] o.a.c.c.C.[Tomcat].[localhost].[/]       : Initializing Spring DispatcherServlet 'dispatcherServlet'
2021-03-13 11:32:38.540  INFO 161284 --- [http-nio-8098-exec-1] o.s.web.servlet.DispatcherServlet        : Initializing Servlet 'dispatcherServlet'
2021-03-13 11:32:38.543  INFO 161284 --- [http-nio-8098-exec-1] o.s.web.servlet.DispatcherServlet        : Completed initialization in 3 ms
2021-03-13 11:32:38.571  INFO 161284 --- [http-nio-8098-exec-1] com.zaxxer.hikari.HikariDataSource       : HikariPool-1 - Starting...
2021-03-13 11:32:38.901  INFO 161284 --- [http-nio-8098-exec-1] com.zaxxer.hikari.HikariDataSource       : HikariPool-1 - Start completed.
2021-03-13 11:59:41.097  INFO 161536 --- [main] com.course.MyApplication                 : Starting MyApplication on DESKTOP-F865ED8 with PID 161536 (D:\testKits\git_repository\muke\AutoTest\Chapter11_mybatis\target\classes started by shlu in D:\testKits\git_repository\muke\AutoTest)
2021-03-13 11:59:41.100  INFO 161536 --- [main] com.course.MyApplication                 : No active profile set, falling back to default profiles: default
2021-03-13 11:59:41.821  INFO 161536 --- [main] o.s.b.w.embedded.tomcat.TomcatWebServer  : Tomcat initialized with port(s): 8098 (http)
2021-03-13 11:59:41.827  INFO 161536 --- [main] o.apache.catalina.core.StandardService   : Starting service [Tomcat]
2021-03-13 11:59:41.828  INFO 161536 --- [main] org.apache.catalina.core.StandardEngine  : Starting Servlet engine: [Apache Tomcat/9.0.41]
2021-03-13 11:59:41.892  INFO 161536 --- [main] o.a.c.c.C.[Tomcat].[localhost].[/]       : Initializing Spring embedded WebApplicationContext
2021-03-13 11:59:41.892  INFO 161536 --- [main] w.s.c.ServletWebServerApplicationContext : Root WebApplicationContext: initialization completed in 746 ms
2021-03-13 11:59:42.171  INFO 161536 --- [main] o.s.s.concurrent.ThreadPoolTaskExecutor  : Initializing ExecutorService 'applicationTaskExecutor'
2021-03-13 11:59:42.312  INFO 161536 --- [main] o.s.b.w.embedded.tomcat.TomcatWebServer  : Tomcat started on port(s): 8098 (http) with context path ''
2021-03-13 11:59:42.320  INFO 161536 --- [main] com.course.MyApplication                 : Started MyApplication in 1.559 seconds (JVM running for 2.437)
2021-03-13 11:59:58.099  INFO 161536 --- [http-nio-8098-exec-1] o.a.c.c.C.[Tomcat].[localhost].[/]       : Initializing Spring DispatcherServlet 'dispatcherServlet'
2021-03-13 11:59:58.099  INFO 161536 --- [http-nio-8098-exec-1] o.s.web.servlet.DispatcherServlet        : Initializing Servlet 'dispatcherServlet'
2021-03-13 11:59:58.104  INFO 161536 --- [http-nio-8098-exec-1] o.s.web.servlet.DispatcherServlet        : Completed initialization in 5 ms
2021-03-13 11:59:58.133  INFO 161536 --- [http-nio-8098-exec-1] com.zaxxer.hikari.HikariDataSource       : HikariPool-1 - Starting...
2021-03-13 11:59:58.387  INFO 161536 --- [http-nio-8098-exec-1] com.zaxxer.hikari.HikariDataSource       : HikariPool-1 - Start completed.
